<?xml version="1.0" encoding="UTF-8"?>
<coverage generated="1582096428210" clover="3.2.0">
  <project timestamp="1582096428210" name="All files">
    <metrics statements="137" coveredstatements="132" conditionals="71" coveredconditionals="65" methods="17" coveredmethods="16" elements="225" coveredelements="213" complexity="0" loc="137" ncloc="137" packages="1" files="2" classes="2"/>
    <file name="main.ts" path="C:\develop\diffutil\src\main.ts">
      <metrics statements="122" coveredstatements="118" conditionals="67" coveredconditionals="61" methods="13" coveredmethods="13"/>
      <line num="1" count="1" type="stmt"/>
      <line num="2" count="1" type="stmt"/>
      <line num="3" count="1" type="stmt"/>
      <line num="5" count="1" type="stmt"/>
      <line num="8" count="13" type="stmt"/>
      <line num="10" count="17" type="cond" truecount="4" falsecount="0"/>
      <line num="11" count="5" type="stmt"/>
      <line num="12" count="5" type="stmt"/>
      <line num="13" count="5" type="stmt"/>
      <line num="14" count="5" type="stmt"/>
      <line num="16" count="5" type="cond" truecount="2" falsecount="0"/>
      <line num="17" count="2" type="stmt"/>
      <line num="18" count="2" type="stmt"/>
      <line num="19" count="2" type="stmt"/>
      <line num="20" count="2" type="stmt"/>
      <line num="21" count="2" type="stmt"/>
      <line num="24" count="3" type="stmt"/>
      <line num="25" count="1" type="stmt"/>
      <line num="26" count="1" type="stmt"/>
      <line num="27" count="1" type="stmt"/>
      <line num="28" count="1" type="stmt"/>
      <line num="31" count="12" type="stmt"/>
      <line num="32" count="13" type="stmt"/>
      <line num="33" count="8" type="stmt"/>
      <line num="34" count="8" type="stmt"/>
      <line num="35" count="23" type="stmt"/>
      <line num="36" count="24" type="stmt"/>
      <line num="38" count="15" type="stmt"/>
      <line num="39" count="15" type="cond" truecount="1" falsecount="1"/>
      <line num="40" count="15" type="stmt"/>
      <line num="42" count="0" type="stmt"/>
      <line num="44" count="15" type="cond" truecount="2" falsecount="0"/>
      <line num="45" count="3" type="stmt"/>
      <line num="46" count="3" type="stmt"/>
      <line num="47" count="3" type="stmt"/>
      <line num="48" count="3" type="stmt"/>
      <line num="49" count="12" type="cond" truecount="2" falsecount="0"/>
      <line num="50" count="2" type="stmt"/>
      <line num="51" count="2" type="stmt"/>
      <line num="52" count="2" type="stmt"/>
      <line num="53" count="2" type="stmt"/>
      <line num="55" count="10" type="stmt"/>
      <line num="56" count="10" type="stmt"/>
      <line num="61" count="13" type="stmt"/>
      <line num="65" count="15" type="stmt"/>
      <line num="69" count="39" type="stmt"/>
      <line num="71" count="39" type="stmt"/>
      <line num="72" count="39" type="stmt"/>
      <line num="73" count="39" type="stmt"/>
      <line num="75" count="39" type="cond" truecount="2" falsecount="0"/>
      <line num="76" count="39" type="cond" truecount="2" falsecount="0"/>
      <line num="77" count="66" type="stmt"/>
      <line num="78" count="30" type="cond" truecount="2" falsecount="0"/>
      <line num="81" count="39" type="stmt"/>
      <line num="82" count="53" type="stmt"/>
      <line num="83" count="53" type="stmt"/>
      <line num="85" count="53" type="stmt"/>
      <line num="87" count="53" type="cond" truecount="3" falsecount="1"/>
      <line num="88" count="0" type="stmt"/>
      <line num="90" count="53" type="cond" truecount="2" falsecount="0"/>
      <line num="91" count="2" type="stmt"/>
      <line num="92" count="2" type="stmt"/>
      <line num="93" count="2" type="stmt"/>
      <line num="95" count="51" type="cond" truecount="2" falsecount="0"/>
      <line num="96" count="4" type="stmt"/>
      <line num="97" count="4" type="stmt"/>
      <line num="98" count="4" type="stmt"/>
      <line num="101" count="47" type="stmt"/>
      <line num="102" count="47" type="stmt"/>
      <line num="103" count="47" type="stmt"/>
      <line num="105" count="47" type="cond" truecount="4" falsecount="0"/>
      <line num="106" count="13" type="stmt"/>
      <line num="107" count="13" type="stmt"/>
      <line num="108" count="34" type="cond" truecount="2" falsecount="0"/>
      <line num="109" count="5" type="cond" truecount="2" falsecount="0"/>
      <line num="110" count="4" type="stmt"/>
      <line num="111" count="4" type="stmt"/>
      <line num="113" count="1" type="stmt"/>
      <line num="116" count="29" type="cond" truecount="2" falsecount="0"/>
      <line num="117" count="2" type="stmt"/>
      <line num="119" count="27" type="cond" truecount="2" falsecount="0"/>
      <line num="120" count="17" type="stmt"/>
      <line num="125" count="39" type="stmt"/>
      <line num="128" count="1" type="cond" truecount="1" falsecount="0"/>
      <line num="129" count="22" type="cond" truecount="4" falsecount="0"/>
      <line num="130" count="2" type="stmt"/>
      <line num="132" count="20" type="stmt"/>
      <line num="134" count="20" type="stmt"/>
      <line num="136" count="20" type="stmt"/>
      <line num="139" count="0" type="stmt"/>
      <line num="142" count="0" type="stmt"/>
      <line num="147" count="20" type="stmt"/>
      <line num="148" count="20" type="stmt"/>
      <line num="149" count="20" type="stmt"/>
      <line num="150" count="34" type="stmt"/>
      <line num="151" count="34" type="cond" truecount="2" falsecount="0"/>
      <line num="152" count="18" type="stmt"/>
      <line num="153" count="18" type="stmt"/>
      <line num="155" count="34" type="stmt"/>
      <line num="157" count="34" type="stmt"/>
      <line num="158" count="34" type="cond" truecount="2" falsecount="0"/>
      <line num="159" count="10" type="cond" truecount="2" falsecount="0"/>
      <line num="161" count="10" type="stmt"/>
      <line num="162" count="13" type="stmt"/>
      <line num="163" count="13" type="stmt"/>
      <line num="164" count="13" type="stmt"/>
      <line num="165" count="13" type="cond" truecount="1" falsecount="1"/>
      <line num="166" count="13" type="stmt"/>
      <line num="170" count="34" type="stmt"/>
      <line num="173" count="22" type="cond" truecount="2" falsecount="0"/>
      <line num="174" count="22" type="stmt"/>
      <line num="175" count="22" type="stmt"/>
      <line num="178" count="4" type="cond" truecount="2" falsecount="0"/>
      <line num="179" count="4" type="stmt"/>
      <line num="180" count="4" type="stmt"/>
      <line num="183" count="5" type="cond" truecount="1" falsecount="1"/>
      <line num="184" count="5" type="stmt"/>
      <line num="185" count="5" type="stmt"/>
      <line num="188" count="3" type="cond" truecount="2" falsecount="0"/>
      <line num="189" count="3" type="stmt"/>
      <line num="190" count="3" type="stmt"/>
      <line num="193" count="20" type="stmt"/>
    </file>
    <file name="types.ts" path="C:\develop\diffutil\src\types.ts">
      <metrics statements="15" coveredstatements="14" conditionals="4" coveredconditionals="4" methods="4" coveredmethods="3"/>
      <line num="1" count="1" type="stmt"/>
      <line num="3" count="0" type="stmt"/>
      <line num="7" count="1" type="stmt"/>
      <line num="9" count="61" type="stmt"/>
      <line num="10" count="61" type="stmt"/>
      <line num="20" count="1" type="cond" truecount="2" falsecount="0"/>
      <line num="21" count="1" type="stmt"/>
      <line num="22" count="1" type="stmt"/>
      <line num="23" count="1" type="stmt"/>
      <line num="26" count="1" type="cond" truecount="2" falsecount="0"/>
      <line num="27" count="1" type="stmt"/>
      <line num="28" count="1" type="stmt"/>
      <line num="29" count="1" type="stmt"/>
      <line num="30" count="1" type="stmt"/>
      <line num="31" count="1" type="stmt"/>
    </file>
  </project>
</coverage>
