{"C:\\develop\\diffutil\\src\\main.ts": {"path":"C:\\develop\\diffutil\\src\\main.ts","statementMap":{"0":{"start":{"line":1,"column":0},"end":{"line":1,"column":29}},"1":{"start":{"line":2,"column":0},"end":{"line":2,"column":30}},"2":{"start":{"line":3,"column":0},"end":{"line":3,"column":78}},"3":{"start":{"line":5,"column":15},"end":{"line":5,"column":20}},"4":{"start":{"line":8,"column":25},"end":{"line":8,"column":27}},"5":{"start":{"line":10,"column":1},"end":{"line":59,"column":null}},"6":{"start":{"line":10,"column":30},"end":{"line":10,"column":43}},"7":{"start":{"line":10,"column":73},"end":{"line":10,"column":86}},"8":{"start":{"line":11,"column":18},"end":{"line":11,"column":60}},"9":{"start":{"line":12,"column":2},"end":{"line":15,"column":null}},"10":{"start":{"line":12,"column":15},"end":{"line":12,"column":16}},"11":{"start":{"line":13,"column":22},"end":{"line":13,"column":85}},"12":{"start":{"line":14,"column":3},"end":{"line":14,"column":33}},"13":{"start":{"line":16,"column":2},"end":{"line":29,"column":null}},"14":{"start":{"line":17,"column":3},"end":{"line":22,"column":null}},"15":{"start":{"line":17,"column":16},"end":{"line":17,"column":25}},"16":{"start":{"line":18,"column":17},"end":{"line":18,"column":48}},"17":{"start":{"line":19,"column":4},"end":{"line":19,"column":38}},"18":{"start":{"line":20,"column":4},"end":{"line":20,"column":32}},"19":{"start":{"line":21,"column":4},"end":{"line":21,"column":25}},"20":{"start":{"line":24,"column":3},"end":{"line":29,"column":null}},"21":{"start":{"line":24,"column":16},"end":{"line":24,"column":25}},"22":{"start":{"line":25,"column":17},"end":{"line":25,"column":48}},"23":{"start":{"line":26,"column":4},"end":{"line":26,"column":40}},"24":{"start":{"line":27,"column":4},"end":{"line":27,"column":32}},"25":{"start":{"line":28,"column":4},"end":{"line":28,"column":25}},"26":{"start":{"line":31,"column":15},"end":{"line":31,"column":49}},"27":{"start":{"line":31,"column":36},"end":{"line":31,"column":48}},"28":{"start":{"line":32,"column":15},"end":{"line":32,"column":49}},"29":{"start":{"line":32,"column":36},"end":{"line":32,"column":48}},"30":{"start":{"line":33,"column":12},"end":{"line":33,"column":35}},"31":{"start":{"line":34,"column":2},"end":{"line":58,"column":null}},"32":{"start":{"line":35,"column":17},"end":{"line":35,"column":62}},"33":{"start":{"line":35,"column":42},"end":{"line":35,"column":61}},"34":{"start":{"line":36,"column":17},"end":{"line":36,"column":62}},"35":{"start":{"line":36,"column":42},"end":{"line":36,"column":61}},"36":{"start":{"line":38,"column":23},"end":{"line":38,"column":32}},"37":{"start":{"line":39,"column":3},"end":{"line":42,"column":37}},"38":{"start":{"line":40,"column":4},"end":{"line":40,"column":42}},"39":{"start":{"line":42,"column":4},"end":{"line":42,"column":37}},"40":{"start":{"line":44,"column":3},"end":{"line":57,"column":null}},"41":{"start":{"line":45,"column":17},"end":{"line":45,"column":48}},"42":{"start":{"line":46,"column":4},"end":{"line":46,"column":38}},"43":{"start":{"line":47,"column":4},"end":{"line":47,"column":28}},"44":{"start":{"line":48,"column":4},"end":{"line":48,"column":25}},"45":{"start":{"line":49,"column":10},"end":{"line":57,"column":null}},"46":{"start":{"line":50,"column":17},"end":{"line":50,"column":48}},"47":{"start":{"line":51,"column":4},"end":{"line":51,"column":40}},"48":{"start":{"line":52,"column":4},"end":{"line":52,"column":28}},"49":{"start":{"line":53,"column":4},"end":{"line":53,"column":25}},"50":{"start":{"line":55,"column":23},"end":{"line":55,"column":78}},"51":{"start":{"line":56,"column":4},"end":{"line":56,"column":34}},"52":{"start":{"line":61,"column":1},"end":{"line":61,"column":16}},"53":{"start":{"line":65,"column":1},"end":{"line":65,"column":38}},"54":{"start":{"line":69,"column":25},"end":{"line":69,"column":27}},"55":{"start":{"line":71,"column":15},"end":{"line":71,"column":34}},"56":{"start":{"line":72,"column":15},"end":{"line":72,"column":34}},"57":{"start":{"line":73,"column":12},"end":{"line":73,"column":37}},"58":{"start":{"line":75,"column":24},"end":{"line":75,"column":56}},"59":{"start":{"line":76,"column":1},"end":{"line":79,"column":null}},"60":{"start":{"line":77,"column":2},"end":{"line":77,"column":44}},"61":{"start":{"line":77,"column":28},"end":{"line":77,"column":42}},"62":{"start":{"line":78,"column":2},"end":{"line":78,"column":34}},"63":{"start":{"line":78,"column":13},"end":{"line":78,"column":34}},"64":{"start":{"line":81,"column":1},"end":{"line":124,"column":null}},"65":{"start":{"line":82,"column":15},"end":{"line":82,"column":26}},"66":{"start":{"line":83,"column":15},"end":{"line":83,"column":26}},"67":{"start":{"line":85,"column":15},"end":{"line":85,"column":48}},"68":{"start":{"line":87,"column":2},"end":{"line":88,"column":15}},"69":{"start":{"line":88,"column":3},"end":{"line":88,"column":15}},"70":{"start":{"line":90,"column":2},"end":{"line":123,"column":null}},"71":{"start":{"line":91,"column":3},"end":{"line":91,"column":32}},"72":{"start":{"line":92,"column":3},"end":{"line":92,"column":26}},"73":{"start":{"line":93,"column":3},"end":{"line":93,"column":24}},"74":{"start":{"line":95,"column":9},"end":{"line":123,"column":null}},"75":{"start":{"line":96,"column":3},"end":{"line":96,"column":34}},"76":{"start":{"line":97,"column":3},"end":{"line":97,"column":26}},"77":{"start":{"line":98,"column":3},"end":{"line":98,"column":24}},"78":{"start":{"line":101,"column":3},"end":{"line":101,"column":33}},"79":{"start":{"line":102,"column":3},"end":{"line":102,"column":26}},"80":{"start":{"line":103,"column":3},"end":{"line":103,"column":26}},"81":{"start":{"line":105,"column":3},"end":{"line":122,"column":null}},"82":{"start":{"line":106,"column":23},"end":{"line":106,"column":78}},"83":{"start":{"line":107,"column":4},"end":{"line":107,"column":34}},"84":{"start":{"line":108,"column":10},"end":{"line":122,"column":null}},"85":{"start":{"line":109,"column":4},"end":{"line":114,"column":null}},"86":{"start":{"line":110,"column":24},"end":{"line":110,"column":74}},"87":{"start":{"line":111,"column":5},"end":{"line":111,"column":35}},"88":{"start":{"line":113,"column":5},"end":{"line":113,"column":26}},"89":{"start":{"line":116,"column":4},"end":{"line":121,"column":null}},"90":{"start":{"line":117,"column":5},"end":{"line":117,"column":26}},"91":{"start":{"line":119,"column":5},"end":{"line":120,"column":27}},"92":{"start":{"line":120,"column":6},"end":{"line":120,"column":27}},"93":{"start":{"line":125,"column":1},"end":{"line":125,"column":16}},"94":{"start":{"line":129,"column":1},"end":{"line":130,"column":27}},"95":{"start":{"line":130,"column":2},"end":{"line":130,"column":27}},"96":{"start":{"line":132,"column":15},"end":{"line":132,"column":51}},"97":{"start":{"line":134,"column":1},"end":{"line":143,"column":null}},"98":{"start":{"line":136,"column":3},"end":{"line":136,"column":50}},"99":{"start":{"line":139,"column":3},"end":{"line":139,"column":44}},"100":{"start":{"line":142,"column":3},"end":{"line":142,"column":18}},"101":{"start":{"line":128,"column":0},"end":{"line":128,"column":16}},"102":{"start":{"line":147,"column":40},"end":{"line":147,"column":42}},"103":{"start":{"line":148,"column":23},"end":{"line":148,"column":24}},"104":{"start":{"line":149,"column":1},"end":{"line":192,"column":null}},"105":{"start":{"line":150,"column":19},"end":{"line":150,"column":97}},"106":{"start":{"line":150,"column":64},"end":{"line":150,"column":96}},"107":{"start":{"line":151,"column":2},"end":{"line":154,"column":null}},"108":{"start":{"line":152,"column":3},"end":{"line":152,"column":56}},"109":{"start":{"line":153,"column":3},"end":{"line":153,"column":27}},"110":{"start":{"line":155,"column":12},"end":{"line":155,"column":22}},"111":{"start":{"line":157,"column":13},"end":{"line":157,"column":41}},"112":{"start":{"line":158,"column":2},"end":{"line":168,"column":null}},"113":{"start":{"line":159,"column":3},"end":{"line":159,"column":65}},"114":{"start":{"line":161,"column":3},"end":{"line":167,"column":null}},"115":{"start":{"line":162,"column":19},"end":{"line":162,"column":47}},"116":{"start":{"line":163,"column":4},"end":{"line":163,"column":49}},"117":{"start":{"line":164,"column":17},"end":{"line":164,"column":19}},"118":{"start":{"line":165,"column":4},"end":{"line":165,"column":87}},"119":{"start":{"line":166,"column":4},"end":{"line":166,"column":49}},"120":{"start":{"line":170,"column":2},"end":{"line":191,"column":null}},"121":{"start":{"line":173,"column":4},"end":{"line":173,"column":58}},"122":{"start":{"line":174,"column":4},"end":{"line":174,"column":48}},"123":{"start":{"line":175,"column":4},"end":{"line":175,"column":10}},"124":{"start":{"line":178,"column":4},"end":{"line":178,"column":62}},"125":{"start":{"line":179,"column":4},"end":{"line":179,"column":39}},"126":{"start":{"line":180,"column":4},"end":{"line":180,"column":10}},"127":{"start":{"line":183,"column":4},"end":{"line":183,"column":58}},"128":{"start":{"line":184,"column":4},"end":{"line":184,"column":48}},"129":{"start":{"line":185,"column":4},"end":{"line":185,"column":10}},"130":{"start":{"line":188,"column":4},"end":{"line":188,"column":62}},"131":{"start":{"line":189,"column":4},"end":{"line":189,"column":39}},"132":{"start":{"line":190,"column":4},"end":{"line":190,"column":10}},"133":{"start":{"line":193,"column":1},"end":{"line":193,"column":15}}},"fnMap":{"0":{"name":"getArrayChanges","decl":{"start":{"line":7,"column":9},"end":{"line":7,"column":24}},"loc":{"start":{"line":7,"column":87},"end":{"line":62,"column":1}}},"1":{"name":"(anonymous_1)","decl":{"start":{"line":10,"column":22},"end":{"line":10,"column":26}},"loc":{"start":{"line":10,"column":30},"end":{"line":10,"column":43}}},"2":{"name":"(anonymous_2)","decl":{"start":{"line":10,"column":65},"end":{"line":10,"column":69}},"loc":{"start":{"line":10,"column":73},"end":{"line":10,"column":86}}},"3":{"name":"(anonymous_3)","decl":{"start":{"line":31,"column":28},"end":{"line":31,"column":32}},"loc":{"start":{"line":31,"column":36},"end":{"line":31,"column":48}}},"4":{"name":"(anonymous_4)","decl":{"start":{"line":32,"column":28},"end":{"line":32,"column":32}},"loc":{"start":{"line":32,"column":36},"end":{"line":32,"column":48}}},"5":{"name":"(anonymous_5)","decl":{"start":{"line":35,"column":34},"end":{"line":35,"column":38}},"loc":{"start":{"line":35,"column":42},"end":{"line":35,"column":61}}},"6":{"name":"(anonymous_6)","decl":{"start":{"line":36,"column":34},"end":{"line":36,"column":38}},"loc":{"start":{"line":36,"column":42},"end":{"line":36,"column":61}}},"7":{"name":"isObjectId","decl":{"start":{"line":64,"column":9},"end":{"line":64,"column":19}},"loc":{"start":{"line":64,"column":30},"end":{"line":66,"column":1}}},"8":{"name":"getChanges","decl":{"start":{"line":68,"column":9},"end":{"line":68,"column":19}},"loc":{"start":{"line":68,"column":74},"end":{"line":126,"column":1}}},"9":{"name":"(anonymous_9)","decl":{"start":{"line":77,"column":21},"end":{"line":77,"column":24}},"loc":{"start":{"line":77,"column":28},"end":{"line":77,"column":42}}},"10":{"name":"diff","decl":{"start":{"line":128,"column":16},"end":{"line":128,"column":20}},"loc":{"start":{"line":128,"column":90},"end":{"line":144,"column":1}}},"11":{"name":"mergeChangesOnMongoPatchWithId","decl":{"start":{"line":146,"column":9},"end":{"line":146,"column":39}},"loc":{"start":{"line":146,"column":57},"end":{"line":194,"column":1}}},"12":{"name":"(anonymous_12)","decl":{"start":{"line":150,"column":58},"end":{"line":150,"column":60}},"loc":{"start":{"line":150,"column":64},"end":{"line":150,"column":96}}}},"branchMap":{"0":{"loc":{"start":{"line":10,"column":1},"end":{"line":59,"column":null}},"type":"if","locations":[{"start":{"line":10,"column":1},"end":{"line":59,"column":null}},{"start":{"line":10,"column":1},"end":{"line":59,"column":null}}]},"1":{"loc":{"start":{"line":10,"column":5},"end":{"line":10,"column":44}},"type":"binary-expr","locations":[{"start":{"line":10,"column":5},"end":{"line":10,"column":44}},{"start":{"line":10,"column":48},"end":{"line":10,"column":87}}]},"2":{"loc":{"start":{"line":16,"column":2},"end":{"line":29,"column":null}},"type":"if","locations":[{"start":{"line":16,"column":2},"end":{"line":29,"column":null}},{"start":{"line":16,"column":2},"end":{"line":29,"column":null}}]},"3":{"loc":{"start":{"line":39,"column":3},"end":{"line":42,"column":37}},"type":"if","locations":[{"start":{"line":39,"column":3},"end":{"line":42,"column":37}},{"start":{"line":39,"column":3},"end":{"line":42,"column":37}}]},"4":{"loc":{"start":{"line":44,"column":3},"end":{"line":57,"column":null}},"type":"if","locations":[{"start":{"line":44,"column":3},"end":{"line":57,"column":null}},{"start":{"line":44,"column":3},"end":{"line":57,"column":null}}]},"5":{"loc":{"start":{"line":49,"column":10},"end":{"line":57,"column":null}},"type":"if","locations":[{"start":{"line":49,"column":10},"end":{"line":57,"column":null}},{"start":{"line":49,"column":10},"end":{"line":57,"column":null}}]},"6":{"loc":{"start":{"line":75,"column":24},"end":{"line":75,"column":38}},"type":"binary-expr","locations":[{"start":{"line":75,"column":24},"end":{"line":75,"column":38}},{"start":{"line":75,"column":42},"end":{"line":75,"column":56}}]},"7":{"loc":{"start":{"line":76,"column":1},"end":{"line":79,"column":null}},"type":"if","locations":[{"start":{"line":76,"column":1},"end":{"line":79,"column":null}},{"start":{"line":76,"column":1},"end":{"line":79,"column":null}}]},"8":{"loc":{"start":{"line":78,"column":2},"end":{"line":78,"column":34}},"type":"if","locations":[{"start":{"line":78,"column":2},"end":{"line":78,"column":34}},{"start":{"line":78,"column":2},"end":{"line":78,"column":34}}]},"9":{"loc":{"start":{"line":87,"column":2},"end":{"line":88,"column":15}},"type":"if","locations":[{"start":{"line":87,"column":2},"end":{"line":88,"column":15}},{"start":{"line":87,"column":2},"end":{"line":88,"column":15}}]},"10":{"loc":{"start":{"line":87,"column":6},"end":{"line":87,"column":25}},"type":"binary-expr","locations":[{"start":{"line":87,"column":6},"end":{"line":87,"column":25}},{"start":{"line":87,"column":29},"end":{"line":87,"column":50}}]},"11":{"loc":{"start":{"line":90,"column":2},"end":{"line":123,"column":null}},"type":"if","locations":[{"start":{"line":90,"column":2},"end":{"line":123,"column":null}},{"start":{"line":90,"column":2},"end":{"line":123,"column":null}}]},"12":{"loc":{"start":{"line":95,"column":9},"end":{"line":123,"column":null}},"type":"if","locations":[{"start":{"line":95,"column":9},"end":{"line":123,"column":null}},{"start":{"line":95,"column":9},"end":{"line":123,"column":null}}]},"13":{"loc":{"start":{"line":105,"column":3},"end":{"line":122,"column":null}},"type":"if","locations":[{"start":{"line":105,"column":3},"end":{"line":122,"column":null}},{"start":{"line":105,"column":3},"end":{"line":122,"column":null}}]},"14":{"loc":{"start":{"line":105,"column":7},"end":{"line":105,"column":28}},"type":"binary-expr","locations":[{"start":{"line":105,"column":7},"end":{"line":105,"column":28}},{"start":{"line":105,"column":32},"end":{"line":105,"column":53}}]},"15":{"loc":{"start":{"line":108,"column":10},"end":{"line":122,"column":null}},"type":"if","locations":[{"start":{"line":108,"column":10},"end":{"line":122,"column":null}},{"start":{"line":108,"column":10},"end":{"line":122,"column":null}}]},"16":{"loc":{"start":{"line":109,"column":4},"end":{"line":114,"column":null}},"type":"if","locations":[{"start":{"line":109,"column":4},"end":{"line":114,"column":null}},{"start":{"line":109,"column":4},"end":{"line":114,"column":null}}]},"17":{"loc":{"start":{"line":116,"column":4},"end":{"line":121,"column":null}},"type":"if","locations":[{"start":{"line":116,"column":4},"end":{"line":121,"column":null}},{"start":{"line":116,"column":4},"end":{"line":121,"column":null}}]},"18":{"loc":{"start":{"line":119,"column":5},"end":{"line":120,"column":27}},"type":"if","locations":[{"start":{"line":119,"column":5},"end":{"line":120,"column":27}},{"start":{"line":119,"column":5},"end":{"line":120,"column":27}}]},"19":{"loc":{"start":{"line":128,"column":68},"end":{"line":128,"column":90}},"type":"default-arg","locations":[{"start":{"line":128,"column":68},"end":{"line":128,"column":90}}]},"20":{"loc":{"start":{"line":129,"column":1},"end":{"line":130,"column":27}},"type":"if","locations":[{"start":{"line":129,"column":1},"end":{"line":130,"column":27}},{"start":{"line":129,"column":1},"end":{"line":130,"column":27}}]},"21":{"loc":{"start":{"line":129,"column":5},"end":{"line":129,"column":24}},"type":"binary-expr","locations":[{"start":{"line":129,"column":5},"end":{"line":129,"column":24}},{"start":{"line":129,"column":28},"end":{"line":129,"column":47}}]},"22":{"loc":{"start":{"line":135,"column":2},"end":{"line":136,"column":50}},"type":"switch","locations":[{"start":{"line":135,"column":2},"end":{"line":136,"column":50}},{"start":{"line":138,"column":2},"end":{"line":139,"column":44}},{"start":{"line":141,"column":2},"end":{"line":142,"column":18}}]},"23":{"loc":{"start":{"line":151,"column":2},"end":{"line":154,"column":null}},"type":"if","locations":[{"start":{"line":151,"column":2},"end":{"line":154,"column":null}},{"start":{"line":151,"column":2},"end":{"line":154,"column":null}}]},"24":{"loc":{"start":{"line":158,"column":2},"end":{"line":168,"column":null}},"type":"if","locations":[{"start":{"line":158,"column":2},"end":{"line":168,"column":null}},{"start":{"line":158,"column":2},"end":{"line":168,"column":null}}]},"25":{"loc":{"start":{"line":159,"column":24},"end":{"line":159,"column":42}},"type":"binary-expr","locations":[{"start":{"line":159,"column":24},"end":{"line":159,"column":42}},{"start":{"line":159,"column":46},"end":{"line":159,"column":64}}]},"26":{"loc":{"start":{"line":165,"column":43},"end":{"line":165,"column":65}},"type":"cond-expr","locations":[{"start":{"line":165,"column":43},"end":{"line":165,"column":65}},{"start":{"line":165,"column":68},"end":{"line":165,"column":86}}]},"27":{"loc":{"start":{"line":171,"column":3},"end":{"line":171,"column":23}},"type":"switch","locations":[{"start":{"line":171,"column":3},"end":{"line":171,"column":23}},{"start":{"line":172,"column":3},"end":{"line":175,"column":10}},{"start":{"line":177,"column":3},"end":{"line":180,"column":10}},{"start":{"line":182,"column":3},"end":{"line":185,"column":10}},{"start":{"line":187,"column":3},"end":{"line":190,"column":10}}]},"28":{"loc":{"start":{"line":173,"column":29},"end":{"line":173,"column":51}},"type":"binary-expr","locations":[{"start":{"line":173,"column":29},"end":{"line":173,"column":51}},{"start":{"line":173,"column":55},"end":{"line":173,"column":57}}]},"29":{"loc":{"start":{"line":178,"column":31},"end":{"line":178,"column":55}},"type":"binary-expr","locations":[{"start":{"line":178,"column":31},"end":{"line":178,"column":55}},{"start":{"line":178,"column":59},"end":{"line":178,"column":61}}]},"30":{"loc":{"start":{"line":183,"column":29},"end":{"line":183,"column":51}},"type":"binary-expr","locations":[{"start":{"line":183,"column":29},"end":{"line":183,"column":51}},{"start":{"line":183,"column":55},"end":{"line":183,"column":57}}]},"31":{"loc":{"start":{"line":188,"column":31},"end":{"line":188,"column":55}},"type":"binary-expr","locations":[{"start":{"line":188,"column":31},"end":{"line":188,"column":55}},{"start":{"line":188,"column":59},"end":{"line":188,"column":61}}]}},"s":{"0":1,"1":1,"2":1,"3":1,"4":13,"5":13,"6":17,"7":13,"8":5,"9":5,"10":5,"11":5,"12":5,"13":5,"14":2,"15":2,"16":2,"17":2,"18":2,"19":2,"20":3,"21":3,"22":1,"23":1,"24":1,"25":1,"26":8,"27":12,"28":8,"29":13,"30":8,"31":8,"32":15,"33":23,"34":15,"35":24,"36":15,"37":15,"38":15,"39":0,"40":15,"41":3,"42":3,"43":3,"44":3,"45":12,"46":2,"47":2,"48":2,"49":2,"50":10,"51":10,"52":13,"53":15,"54":39,"55":39,"56":39,"57":39,"58":39,"59":39,"60":30,"61":66,"62":30,"63":20,"64":39,"65":53,"66":53,"67":53,"68":53,"69":0,"70":53,"71":2,"72":2,"73":2,"74":51,"75":4,"76":4,"77":4,"78":47,"79":47,"80":47,"81":47,"82":13,"83":13,"84":34,"85":5,"86":4,"87":4,"88":1,"89":29,"90":2,"91":27,"92":17,"93":39,"94":22,"95":2,"96":20,"97":20,"98":20,"99":0,"100":0,"101":1,"102":20,"103":20,"104":20,"105":34,"106":16,"107":34,"108":18,"109":18,"110":34,"111":34,"112":34,"113":10,"114":10,"115":13,"116":13,"117":13,"118":13,"119":13,"120":34,"121":22,"122":22,"123":22,"124":4,"125":4,"126":4,"127":5,"128":5,"129":5,"130":3,"131":3,"132":3,"133":20},"f":{"0":13,"1":17,"2":13,"3":12,"4":13,"5":23,"6":24,"7":15,"8":39,"9":66,"10":22,"11":20,"12":16},"b":{"0":[5,8],"1":[13,8],"2":[2,3],"3":[15,0],"4":[3,12],"5":[2,10],"6":[39,30],"7":[30,9],"8":[20,10],"9":[0,53],"10":[53,2],"11":[2,51],"12":[4,47],"13":[13,34],"14":[47,13],"15":[5,29],"16":[4,1],"17":[2,27],"18":[17,10],"19":[22],"20":[2,20],"21":[22,20],"22":[20,0,0],"23":[18,16],"24":[10,24],"25":[10,5],"26":[13,0],"27":[2,22,4,5,3],"28":[22,18],"29":[4,3],"30":[5,0],"31":[3,3]}}
,"C:\\develop\\diffutil\\src\\types.ts": {"path":"C:\\develop\\diffutil\\src\\types.ts","statementMap":{"0":{"start":{"line":3,"column":1},"end":{"line":3,"column":18}},"1":{"start":{"line":1,"column":0},"end":{"line":1,"column":13}},"2":{"start":{"line":9,"column":2},"end":{"line":9,"column":19}},"3":{"start":{"line":10,"column":2},"end":{"line":10,"column":17}},"4":{"start":{"line":7,"column":0},"end":{"line":7,"column":13}},"5":{"start":{"line":20,"column":0},"end":{"line":20,"column":null}},"6":{"start":{"line":21,"column":1},"end":{"line":21,"column":null}},"7":{"start":{"line":22,"column":1},"end":{"line":22,"column":null}},"8":{"start":{"line":23,"column":1},"end":{"line":23,"column":null}},"9":{"start":{"line":26,"column":0},"end":{"line":26,"column":null}},"10":{"start":{"line":27,"column":1},"end":{"line":27,"column":null}},"11":{"start":{"line":28,"column":1},"end":{"line":28,"column":null}},"12":{"start":{"line":29,"column":1},"end":{"line":29,"column":null}},"13":{"start":{"line":30,"column":1},"end":{"line":30,"column":null}},"14":{"start":{"line":31,"column":1},"end":{"line":31,"column":null}}},"fnMap":{"0":{"name":"(anonymous_0)","decl":{"start":{"line":1,"column":0},"end":{"line":1,"column":13}},"loc":{"start":{"line":1,"column":0},"end":{"line":5,"column":1}}},"1":{"name":"(anonymous_1)","decl":{"start":{"line":8,"column":1},"end":{"line":8,"column":13}},"loc":{"start":{"line":8,"column":35},"end":{"line":11,"column":2}}},"2":{"name":"(anonymous_2)","decl":{"start":{"line":20,"column":0},"end":{"line":20,"column":12}},"loc":{"start":{"line":20,"column":23},"end":{"line":24,"column":1}}},"3":{"name":"(anonymous_3)","decl":{"start":{"line":26,"column":0},"end":{"line":26,"column":12}},"loc":{"start":{"line":26,"column":20},"end":{"line":32,"column":1}}}},"branchMap":{"0":{"loc":{"start":{"line":20,"column":12},"end":{"line":20,"column":23}},"type":"binary-expr","locations":[{"start":{"line":20,"column":12},"end":{"line":20,"column":23}},{"start":{"line":20,"column":12},"end":{"line":20,"column":null}}]},"1":{"loc":{"start":{"line":26,"column":12},"end":{"line":26,"column":20}},"type":"binary-expr","locations":[{"start":{"line":26,"column":12},"end":{"line":26,"column":20}},{"start":{"line":26,"column":12},"end":{"line":26,"column":null}}]}},"s":{"0":0,"1":1,"2":61,"3":61,"4":1,"5":1,"6":1,"7":1,"8":1,"9":1,"10":1,"11":1,"12":1,"13":1,"14":1},"f":{"0":0,"1":61,"2":1,"3":1},"b":{"0":[1,1],"1":[1,1]}}
}
