TN:
SF:src\main.ts
FN:7,getArrayChanges
FN:10,(anonymous_1)
FN:10,(anonymous_2)
FN:31,(anonymous_3)
FN:32,(anonymous_4)
FN:35,(anonymous_5)
FN:36,(anonymous_6)
FN:64,isObjectId
FN:68,getChanges
FN:77,(anonymous_9)
FN:128,diff
FN:146,mergeChangesOnMongoPatchWithId
FN:150,(anonymous_12)
FNF:13
FNH:13
FNDA:13,getArrayChanges
FNDA:17,(anonymous_1)
FNDA:13,(anonymous_2)
FNDA:12,(anonymous_3)
FNDA:13,(anonymous_4)
FNDA:23,(anonymous_5)
FNDA:24,(anonymous_6)
FNDA:15,isObjectId
FNDA:39,getChanges
FNDA:66,(anonymous_9)
FNDA:22,diff
FNDA:20,mergeChangesOnMongoPatchWithId
FNDA:16,(anonymous_12)
DA:1,1
DA:2,1
DA:3,1
DA:5,1
DA:8,13
DA:10,17
DA:11,5
DA:12,5
DA:13,5
DA:14,5
DA:16,5
DA:17,2
DA:18,2
DA:19,2
DA:20,2
DA:21,2
DA:24,3
DA:25,1
DA:26,1
DA:27,1
DA:28,1
DA:31,12
DA:32,13
DA:33,8
DA:34,8
DA:35,23
DA:36,24
DA:38,15
DA:39,15
DA:40,15
DA:42,0
DA:44,15
DA:45,3
DA:46,3
DA:47,3
DA:48,3
DA:49,12
DA:50,2
DA:51,2
DA:52,2
DA:53,2
DA:55,10
DA:56,10
DA:61,13
DA:65,15
DA:69,39
DA:71,39
DA:72,39
DA:73,39
DA:75,39
DA:76,39
DA:77,66
DA:78,30
DA:81,39
DA:82,53
DA:83,53
DA:85,53
DA:87,53
DA:88,0
DA:90,53
DA:91,2
DA:92,2
DA:93,2
DA:95,51
DA:96,4
DA:97,4
DA:98,4
DA:101,47
DA:102,47
DA:103,47
DA:105,47
DA:106,13
DA:107,13
DA:108,34
DA:109,5
DA:110,4
DA:111,4
DA:113,1
DA:116,29
DA:117,2
DA:119,27
DA:120,17
DA:125,39
DA:128,1
DA:129,22
DA:130,2
DA:132,20
DA:134,20
DA:136,20
DA:139,0
DA:142,0
DA:147,20
DA:148,20
DA:149,20
DA:150,34
DA:151,34
DA:152,18
DA:153,18
DA:155,34
DA:157,34
DA:158,34
DA:159,10
DA:161,10
DA:162,13
DA:163,13
DA:164,13
DA:165,13
DA:166,13
DA:170,34
DA:173,22
DA:174,22
DA:175,22
DA:178,4
DA:179,4
DA:180,4
DA:183,5
DA:184,5
DA:185,5
DA:188,3
DA:189,3
DA:190,3
DA:193,20
LF:122
LH:118
BRDA:10,0,0,5
BRDA:10,0,1,8
BRDA:10,1,0,13
BRDA:10,1,1,8
BRDA:16,2,0,2
BRDA:16,2,1,3
BRDA:39,3,0,15
BRDA:39,3,1,0
BRDA:44,4,0,3
BRDA:44,4,1,12
BRDA:49,5,0,2
BRDA:49,5,1,10
BRDA:75,6,0,39
BRDA:75,6,1,30
BRDA:76,7,0,30
BRDA:76,7,1,9
BRDA:78,8,0,20
BRDA:78,8,1,10
BRDA:87,9,0,0
BRDA:87,9,1,53
BRDA:87,10,0,53
BRDA:87,10,1,2
BRDA:90,11,0,2
BRDA:90,11,1,51
BRDA:95,12,0,4
BRDA:95,12,1,47
BRDA:105,13,0,13
BRDA:105,13,1,34
BRDA:105,14,0,47
BRDA:105,14,1,13
BRDA:108,15,0,5
BRDA:108,15,1,29
BRDA:109,16,0,4
BRDA:109,16,1,1
BRDA:116,17,0,2
BRDA:116,17,1,27
BRDA:119,18,0,17
BRDA:119,18,1,10
BRDA:128,19,0,22
BRDA:129,20,0,2
BRDA:129,20,1,20
BRDA:129,21,0,22
BRDA:129,21,1,20
BRDA:135,22,0,20
BRDA:135,22,1,0
BRDA:135,22,2,0
BRDA:151,23,0,18
BRDA:151,23,1,16
BRDA:158,24,0,10
BRDA:158,24,1,24
BRDA:159,25,0,10
BRDA:159,25,1,5
BRDA:165,26,0,13
BRDA:165,26,1,0
BRDA:171,27,0,2
BRDA:171,27,1,22
BRDA:171,27,2,4
BRDA:171,27,3,5
BRDA:171,27,4,3
BRDA:173,28,0,22
BRDA:173,28,1,18
BRDA:178,29,0,4
BRDA:178,29,1,3
BRDA:183,30,0,5
BRDA:183,30,1,0
BRDA:188,31,0,3
BRDA:188,31,1,3
BRF:67
BRH:61
end_of_record
TN:
SF:src\types.ts
FN:1,(anonymous_0)
FN:8,(anonymous_1)
FN:20,(anonymous_2)
FN:26,(anonymous_3)
FNF:4
FNH:3
FNDA:0,(anonymous_0)
FNDA:61,(anonymous_1)
FNDA:1,(anonymous_2)
FNDA:1,(anonymous_3)
DA:1,1
DA:3,0
DA:7,1
DA:9,61
DA:10,61
DA:20,1
DA:21,1
DA:22,1
DA:23,1
DA:26,1
DA:27,1
DA:28,1
DA:29,1
DA:30,1
DA:31,1
LF:15
LH:14
BRDA:20,0,0,1
BRDA:20,0,1,1
BRDA:26,1,0,1
BRDA:26,1,1,1
BRF:4
BRH:4
end_of_record
